   1              		.file	"audio.cpp"
   2              		.machine ppc
   3              		.section	".text"
   4              	.Ltext0:
   5              		.file 1 "F:/GameModding/MarioKartWii/Mods/Distro/RetroRewind6/dev/Launcher/RRLauncher/launcher/lib
   6              		.section	.text._Z9InitAudiov,"ax",@progbits
   7              		.align 2
   8              		.globl _Z9InitAudiov
   9              		.type	_Z9InitAudiov, @function
  10              	_Z9InitAudiov:
  11              	.LFB61:
  12              		.loc 1 19 1 view -0
  13              		.cfi_startproc
  14              		.loc 1 20 2 view .LVU1
  15              		.loc 1 19 1 is_stmt 0 view .LVU2
  16 0000 9421FFF8 		stwu 1,-8(1)
  17              		.cfi_def_cfa_offset 8
  18 0004 7C0802A6 		mflr 0
  19              		.loc 1 20 12 view .LVU3
  20 0008 38600000 		li 3,0
  21              		.loc 1 19 1 view .LVU4
  22 000c 9001000C 		stw 0,12(1)
  23              		.cfi_offset 65, 4
  24              		.loc 1 20 12 view .LVU5
  25 0010 48000001 		bl AUDIO_Init
  26              	.LVL0:
  27              		.loc 1 21 2 is_stmt 1 view .LVU6
  28              		.loc 1 21 11 is_stmt 0 view .LVU7
  29 0014 48000001 		bl ASND_Init
  30              	.LVL1:
  31              		.loc 1 22 2 is_stmt 1 view .LVU8
  32              		.loc 1 23 1 is_stmt 0 view .LVU9
  33 0018 8001000C 		lwz 0,12(1)
  34              		.loc 1 22 12 view .LVU10
  35 001c 38600000 		li 3,0
  36              		.loc 1 23 1 view .LVU11
  37 0020 38210008 		addi 1,1,8
  38              		.cfi_def_cfa_offset 0
  39 0024 7C0803A6 		mtlr 0
  40              		.cfi_restore 65
  41              		.loc 1 22 12 view .LVU12
  42 0028 48000000 		b ASND_Pause
  43              	.LVL2:
  44              		.cfi_endproc
  45              	.LFE61:
  46              		.size	_Z9InitAudiov, .-_Z9InitAudiov
  47              		.section	.text._Z13ShutdownAudiov,"ax",@progbits
  48              		.align 2
  49              		.globl _Z13ShutdownAudiov
  50              		.type	_Z13ShutdownAudiov, @function
  51              	_Z13ShutdownAudiov:
  52              	.LFB62:
  53              		.loc 1 32 1 is_stmt 1 view -0
  54              		.cfi_startproc
  55              		.loc 1 33 2 view .LVU14
  56              		.loc 1 32 1 is_stmt 0 view .LVU15
  57 0000 9421FFF8 		stwu 1,-8(1)
  58              		.cfi_def_cfa_offset 8
  59 0004 7C0802A6 		mflr 0
  60              		.loc 1 33 12 view .LVU16
  61 0008 38600001 		li 3,1
  62              		.loc 1 32 1 view .LVU17
  63 000c 9001000C 		stw 0,12(1)
  64              		.cfi_offset 65, 4
  65              		.loc 1 33 12 view .LVU18
  66 0010 48000001 		bl ASND_Pause
  67              	.LVL3:
  68              		.loc 1 34 2 is_stmt 1 view .LVU19
  69              		.loc 1 35 1 is_stmt 0 view .LVU20
  70 0014 8001000C 		lwz 0,12(1)
  71 0018 38210008 		addi 1,1,8
  72              		.cfi_def_cfa_offset 0
  73 001c 7C0803A6 		mtlr 0
  74              		.cfi_restore 65
  75              		.loc 1 34 10 view .LVU21
  76 0020 48000000 		b ASND_End
  77              	.LVL4:
  78              		.cfi_endproc
  79              	.LFE62:
  80              		.size	_Z13ShutdownAudiov, .-_Z13ShutdownAudiov
  81              		.section	".text"
  82              	.Letext0:
  83              		.file 2 "C:/devkitPro/devkitPPC/powerpc-eabi/include/machine/_default_types.h"
  84              		.file 3 "C:/devkitPro/devkitPPC/powerpc-eabi/include/sys/_stdint.h"
  85              		.file 4 "C:/devkitPro/libogc/include/gctypes.h"
  86              		.file 5 "C:/devkitPro/libogc/include/asndlib.h"
  87              		.file 6 "C:/devkitPro/libogc/include/ogc/audio.h"
  88              		.section	.debug_info,"",@progbits
  89              	.Ldebug_info0:
  90 0000 00000181 		.4byte	0x181
  91 0004 0005     		.2byte	0x5
  92 0006 01       		.byte	0x1
  93 0007 04       		.byte	0x4
  94 0008 00000000 		.4byte	.Ldebug_abbrev0
  95 000c 09       		.uleb128 0x9
  96 000d 00000000 		.4byte	.LASF22
  97 0011 21       		.byte	0x21
  98 0012 00000000 		.4byte	.LASF23
  99 0016 00000000 		.4byte	.LASF24
 100 001a 00000000 		.4byte	.LLRL0
 101 001e 00000000 		.4byte	0
 102 0022 00000000 		.4byte	.Ldebug_line0
 103 0026 01       		.uleb128 0x1
 104 0027 01       		.byte	0x1
 105 0028 06       		.byte	0x6
 106 0029 00000000 		.4byte	.LASF0
 107 002d 02       		.uleb128 0x2
 108 002e 00000000 		.4byte	.LASF4
 109 0032 02       		.byte	0x2
 110 0033 2B       		.byte	0x2b
 111 0034 18       		.byte	0x18
 112 0035 00000039 		.4byte	0x39
 113 0039 01       		.uleb128 0x1
 114 003a 01       		.byte	0x1
 115 003b 08       		.byte	0x8
 116 003c 00000000 		.4byte	.LASF1
 117 0040 01       		.uleb128 0x1
 118 0041 02       		.byte	0x2
 119 0042 05       		.byte	0x5
 120 0043 00000000 		.4byte	.LASF2
 121 0047 01       		.uleb128 0x1
 122 0048 02       		.byte	0x2
 123 0049 07       		.byte	0x7
 124 004a 00000000 		.4byte	.LASF3
 125 004e 02       		.uleb128 0x2
 126 004f 00000000 		.4byte	.LASF5
 127 0053 02       		.byte	0x2
 128 0054 4D       		.byte	0x4d
 129 0055 18       		.byte	0x18
 130 0056 0000005A 		.4byte	0x5a
 131 005a 0A       		.uleb128 0xa
 132 005b 04       		.byte	0x4
 133 005c 05       		.byte	0x5
 134 005d 696E7400 		.string	"int"
 135 0061 01       		.uleb128 0x1
 136 0062 04       		.byte	0x4
 137 0063 07       		.byte	0x7
 138 0064 00000000 		.4byte	.LASF6
 139 0068 01       		.uleb128 0x1
 140 0069 08       		.byte	0x8
 141 006a 05       		.byte	0x5
 142 006b 00000000 		.4byte	.LASF7
 143 006f 01       		.uleb128 0x1
 144 0070 08       		.byte	0x8
 145 0071 07       		.byte	0x7
 146 0072 00000000 		.4byte	.LASF8
 147 0076 02       		.uleb128 0x2
 148 0077 00000000 		.4byte	.LASF9
 149 007b 03       		.byte	0x3
 150 007c 18       		.byte	0x18
 151 007d 13       		.byte	0x13
 152 007e 0000002D 		.4byte	0x2d
 153 0082 02       		.uleb128 0x2
 154 0083 00000000 		.4byte	.LASF10
 155 0087 03       		.byte	0x3
 156 0088 2C       		.byte	0x2c
 157 0089 13       		.byte	0x13
 158 008a 0000004E 		.4byte	0x4e
 159 008e 04       		.uleb128 0x4
 160 008f 753800   		.string	"u8"
 161 0092 11       		.byte	0x11
 162 0093 00000076 		.4byte	0x76
 163 0097 04       		.uleb128 0x4
 164 0098 73333200 		.string	"s32"
 165 009c 18       		.byte	0x18
 166 009d 00000082 		.4byte	0x82
 167 00a1 01       		.uleb128 0x1
 168 00a2 04       		.byte	0x4
 169 00a3 04       		.byte	0x4
 170 00a4 00000000 		.4byte	.LASF11
 171 00a8 01       		.uleb128 0x1
 172 00a9 08       		.byte	0x8
 173 00aa 04       		.byte	0x4
 174 00ab 00000000 		.4byte	.LASF12
 175 00af 01       		.uleb128 0x1
 176 00b0 01       		.byte	0x1
 177 00b1 08       		.byte	0x8
 178 00b2 00000000 		.4byte	.LASF13
 179 00b6 01       		.uleb128 0x1
 180 00b7 01       		.byte	0x1
 181 00b8 02       		.byte	0x2
 182 00b9 00000000 		.4byte	.LASF14
 183 00bd 01       		.uleb128 0x1
 184 00be 04       		.byte	0x4
 185 00bf 07       		.byte	0x7
 186 00c0 00000000 		.4byte	.LASF15
 187 00c4 01       		.uleb128 0x1
 188 00c5 08       		.byte	0x8
 189 00c6 04       		.byte	0x4
 190 00c7 00000000 		.4byte	.LASF16
 191 00cb 0B       		.uleb128 0xb
 192 00cc 00000000 		.4byte	.LASF25
 193 00d0 01       		.uleb128 0x1
 194 00d1 04       		.byte	0x4
 195 00d2 05       		.byte	0x5
 196 00d3 00000000 		.4byte	.LASF17
 197 00d7 0C       		.uleb128 0xc
 198 00d8 04       		.byte	0x4
 199 00d9 0000008E 		.4byte	0x8e
 200 00dd 05       		.uleb128 0x5
 201 00de 00000000 		.4byte	.LASF18
 202 00e2 CE       		.byte	0xce
 203 00e3 06       		.uleb128 0x6
 204 00e4 00000000 		.4byte	.LASF20
 205 00e8 05       		.byte	0x5
 206 00e9 D4       		.byte	0xd4
 207 00ea 000000F4 		.4byte	0xf4
 208 00ee 07       		.uleb128 0x7
 209 00ef 00000097 		.4byte	0x97
 210 00f3 00       		.byte	0
 211 00f4 05       		.uleb128 0x5
 212 00f5 00000000 		.4byte	.LASF19
 213 00f9 CA       		.byte	0xca
 214 00fa 06       		.uleb128 0x6
 215 00fb 00000000 		.4byte	.LASF21
 216 00ff 06       		.byte	0x6
 217 0100 6E       		.byte	0x6e
 218 0101 0000010B 		.4byte	0x10b
 219 0105 07       		.uleb128 0x7
 220 0106 000000D7 		.4byte	0xd7
 221 010a 00       		.byte	0
 222 010b 0D       		.uleb128 0xd
 223 010c 00000000 		.4byte	.LASF26
 224 0110 01       		.byte	0x1
 225 0111 1F       		.byte	0x1f
 226 0112 06       		.byte	0x6
 227 0113 00000000 		.4byte	.LASF27
 228 0117 00000000 		.4byte	.LFB62
 229 011b 00000024 		.4byte	.LFE62-.LFB62
 230 011f 01       		.uleb128 0x1
 231 0120 9C       		.byte	0x9c
 232 0121 00000142 		.4byte	0x142
 233 0125 08       		.uleb128 0x8
 234 0126 00000000 		.4byte	.LVL3
 235 012a 000000E3 		.4byte	0xe3
 236 012e 00000138 		.4byte	0x138
 237 0132 03       		.uleb128 0x3
 238 0133 01       		.uleb128 0x1
 239 0134 53       		.byte	0x53
 240 0135 01       		.uleb128 0x1
 241 0136 31       		.byte	0x31
 242 0137 00       		.byte	0
 243 0138 0E       		.uleb128 0xe
 244 0139 00000000 		.4byte	.LVL4
 245 013d 000000DD 		.4byte	0xdd
 246 0141 00       		.byte	0
 247 0142 0F       		.uleb128 0xf
 248 0143 00000000 		.4byte	.LASF28
 249 0147 01       		.byte	0x1
 250 0148 12       		.byte	0x12
 251 0149 06       		.byte	0x6
 252 014a 00000000 		.4byte	.LASF29
 253 014e 00000000 		.4byte	.LFB61
 254 0152 0000002C 		.4byte	.LFE61-.LFB61
 255 0156 01       		.uleb128 0x1
 256 0157 9C       		.byte	0x9c
 257 0158 08       		.uleb128 0x8
 258 0159 00000000 		.4byte	.LVL0
 259 015d 000000FA 		.4byte	0xfa
 260 0161 0000016B 		.4byte	0x16b
 261 0165 03       		.uleb128 0x3
 262 0166 01       		.uleb128 0x1
 263 0167 53       		.byte	0x53
 264 0168 01       		.uleb128 0x1
 265 0169 30       		.byte	0x30
 266 016a 00       		.byte	0
 267 016b 10       		.uleb128 0x10
 268 016c 00000000 		.4byte	.LVL1
 269 0170 000000F4 		.4byte	0xf4
 270 0174 11       		.uleb128 0x11
 271 0175 00000000 		.4byte	.LVL2
 272 0179 000000E3 		.4byte	0xe3
 273 017d 03       		.uleb128 0x3
 274 017e 01       		.uleb128 0x1
 275 017f 53       		.byte	0x53
 276 0180 01       		.uleb128 0x1
 277 0181 30       		.byte	0x30
 278 0182 00       		.byte	0
 279 0183 00       		.byte	0
 280 0184 00       		.byte	0
 281              		.section	.debug_abbrev,"",@progbits
 282              	.Ldebug_abbrev0:
 283 0000 01       		.uleb128 0x1
 284 0001 24       		.uleb128 0x24
 285 0002 00       		.byte	0
 286 0003 0B       		.uleb128 0xb
 287 0004 0B       		.uleb128 0xb
 288 0005 3E       		.uleb128 0x3e
 289 0006 0B       		.uleb128 0xb
 290 0007 03       		.uleb128 0x3
 291 0008 0E       		.uleb128 0xe
 292 0009 00       		.byte	0
 293 000a 00       		.byte	0
 294 000b 02       		.uleb128 0x2
 295 000c 16       		.uleb128 0x16
 296 000d 00       		.byte	0
 297 000e 03       		.uleb128 0x3
 298 000f 0E       		.uleb128 0xe
 299 0010 3A       		.uleb128 0x3a
 300 0011 0B       		.uleb128 0xb
 301 0012 3B       		.uleb128 0x3b
 302 0013 0B       		.uleb128 0xb
 303 0014 39       		.uleb128 0x39
 304 0015 0B       		.uleb128 0xb
 305 0016 49       		.uleb128 0x49
 306 0017 13       		.uleb128 0x13
 307 0018 00       		.byte	0
 308 0019 00       		.byte	0
 309 001a 03       		.uleb128 0x3
 310 001b 49       		.uleb128 0x49
 311 001c 00       		.byte	0
 312 001d 02       		.uleb128 0x2
 313 001e 18       		.uleb128 0x18
 314 001f 7E       		.uleb128 0x7e
 315 0020 18       		.uleb128 0x18
 316 0021 00       		.byte	0
 317 0022 00       		.byte	0
 318 0023 04       		.uleb128 0x4
 319 0024 16       		.uleb128 0x16
 320 0025 00       		.byte	0
 321 0026 03       		.uleb128 0x3
 322 0027 08       		.uleb128 0x8
 323 0028 3A       		.uleb128 0x3a
 324 0029 21       		.uleb128 0x21
 325 002a 04       		.sleb128 4
 326 002b 3B       		.uleb128 0x3b
 327 002c 0B       		.uleb128 0xb
 328 002d 39       		.uleb128 0x39
 329 002e 21       		.uleb128 0x21
 330 002f 11       		.sleb128 17
 331 0030 49       		.uleb128 0x49
 332 0031 13       		.uleb128 0x13
 333 0032 00       		.byte	0
 334 0033 00       		.byte	0
 335 0034 05       		.uleb128 0x5
 336 0035 2E       		.uleb128 0x2e
 337 0036 00       		.byte	0
 338 0037 3F       		.uleb128 0x3f
 339 0038 19       		.uleb128 0x19
 340 0039 03       		.uleb128 0x3
 341 003a 0E       		.uleb128 0xe
 342 003b 3A       		.uleb128 0x3a
 343 003c 21       		.uleb128 0x21
 344 003d 05       		.sleb128 5
 345 003e 3B       		.uleb128 0x3b
 346 003f 0B       		.uleb128 0xb
 347 0040 39       		.uleb128 0x39
 348 0041 21       		.uleb128 0x21
 349 0042 06       		.sleb128 6
 350 0043 3C       		.uleb128 0x3c
 351 0044 19       		.uleb128 0x19
 352 0045 00       		.byte	0
 353 0046 00       		.byte	0
 354 0047 06       		.uleb128 0x6
 355 0048 2E       		.uleb128 0x2e
 356 0049 01       		.byte	0x1
 357 004a 3F       		.uleb128 0x3f
 358 004b 19       		.uleb128 0x19
 359 004c 03       		.uleb128 0x3
 360 004d 0E       		.uleb128 0xe
 361 004e 3A       		.uleb128 0x3a
 362 004f 0B       		.uleb128 0xb
 363 0050 3B       		.uleb128 0x3b
 364 0051 0B       		.uleb128 0xb
 365 0052 39       		.uleb128 0x39
 366 0053 21       		.uleb128 0x21
 367 0054 06       		.sleb128 6
 368 0055 3C       		.uleb128 0x3c
 369 0056 19       		.uleb128 0x19
 370 0057 01       		.uleb128 0x1
 371 0058 13       		.uleb128 0x13
 372 0059 00       		.byte	0
 373 005a 00       		.byte	0
 374 005b 07       		.uleb128 0x7
 375 005c 05       		.uleb128 0x5
 376 005d 00       		.byte	0
 377 005e 49       		.uleb128 0x49
 378 005f 13       		.uleb128 0x13
 379 0060 00       		.byte	0
 380 0061 00       		.byte	0
 381 0062 08       		.uleb128 0x8
 382 0063 48       		.uleb128 0x48
 383 0064 01       		.byte	0x1
 384 0065 7D       		.uleb128 0x7d
 385 0066 01       		.uleb128 0x1
 386 0067 7F       		.uleb128 0x7f
 387 0068 13       		.uleb128 0x13
 388 0069 01       		.uleb128 0x1
 389 006a 13       		.uleb128 0x13
 390 006b 00       		.byte	0
 391 006c 00       		.byte	0
 392 006d 09       		.uleb128 0x9
 393 006e 11       		.uleb128 0x11
 394 006f 01       		.byte	0x1
 395 0070 25       		.uleb128 0x25
 396 0071 0E       		.uleb128 0xe
 397 0072 13       		.uleb128 0x13
 398 0073 0B       		.uleb128 0xb
 399 0074 03       		.uleb128 0x3
 400 0075 0E       		.uleb128 0xe
 401 0076 1B       		.uleb128 0x1b
 402 0077 0E       		.uleb128 0xe
 403 0078 55       		.uleb128 0x55
 404 0079 17       		.uleb128 0x17
 405 007a 11       		.uleb128 0x11
 406 007b 01       		.uleb128 0x1
 407 007c 10       		.uleb128 0x10
 408 007d 17       		.uleb128 0x17
 409 007e 00       		.byte	0
 410 007f 00       		.byte	0
 411 0080 0A       		.uleb128 0xa
 412 0081 24       		.uleb128 0x24
 413 0082 00       		.byte	0
 414 0083 0B       		.uleb128 0xb
 415 0084 0B       		.uleb128 0xb
 416 0085 3E       		.uleb128 0x3e
 417 0086 0B       		.uleb128 0xb
 418 0087 03       		.uleb128 0x3
 419 0088 08       		.uleb128 0x8
 420 0089 00       		.byte	0
 421 008a 00       		.byte	0
 422 008b 0B       		.uleb128 0xb
 423 008c 3B       		.uleb128 0x3b
 424 008d 00       		.byte	0
 425 008e 03       		.uleb128 0x3
 426 008f 0E       		.uleb128 0xe
 427 0090 00       		.byte	0
 428 0091 00       		.byte	0
 429 0092 0C       		.uleb128 0xc
 430 0093 0F       		.uleb128 0xf
 431 0094 00       		.byte	0
 432 0095 0B       		.uleb128 0xb
 433 0096 0B       		.uleb128 0xb
 434 0097 49       		.uleb128 0x49
 435 0098 13       		.uleb128 0x13
 436 0099 00       		.byte	0
 437 009a 00       		.byte	0
 438 009b 0D       		.uleb128 0xd
 439 009c 2E       		.uleb128 0x2e
 440 009d 01       		.byte	0x1
 441 009e 3F       		.uleb128 0x3f
 442 009f 19       		.uleb128 0x19
 443 00a0 03       		.uleb128 0x3
 444 00a1 0E       		.uleb128 0xe
 445 00a2 3A       		.uleb128 0x3a
 446 00a3 0B       		.uleb128 0xb
 447 00a4 3B       		.uleb128 0x3b
 448 00a5 0B       		.uleb128 0xb
 449 00a6 39       		.uleb128 0x39
 450 00a7 0B       		.uleb128 0xb
 451 00a8 6E       		.uleb128 0x6e
 452 00a9 0E       		.uleb128 0xe
 453 00aa 11       		.uleb128 0x11
 454 00ab 01       		.uleb128 0x1
 455 00ac 12       		.uleb128 0x12
 456 00ad 06       		.uleb128 0x6
 457 00ae 40       		.uleb128 0x40
 458 00af 18       		.uleb128 0x18
 459 00b0 7A       		.uleb128 0x7a
 460 00b1 19       		.uleb128 0x19
 461 00b2 01       		.uleb128 0x1
 462 00b3 13       		.uleb128 0x13
 463 00b4 00       		.byte	0
 464 00b5 00       		.byte	0
 465 00b6 0E       		.uleb128 0xe
 466 00b7 48       		.uleb128 0x48
 467 00b8 00       		.byte	0
 468 00b9 7D       		.uleb128 0x7d
 469 00ba 01       		.uleb128 0x1
 470 00bb 8201     		.uleb128 0x82
 471 00bd 19       		.uleb128 0x19
 472 00be 7F       		.uleb128 0x7f
 473 00bf 13       		.uleb128 0x13
 474 00c0 00       		.byte	0
 475 00c1 00       		.byte	0
 476 00c2 0F       		.uleb128 0xf
 477 00c3 2E       		.uleb128 0x2e
 478 00c4 01       		.byte	0x1
 479 00c5 3F       		.uleb128 0x3f
 480 00c6 19       		.uleb128 0x19
 481 00c7 03       		.uleb128 0x3
 482 00c8 0E       		.uleb128 0xe
 483 00c9 3A       		.uleb128 0x3a
 484 00ca 0B       		.uleb128 0xb
 485 00cb 3B       		.uleb128 0x3b
 486 00cc 0B       		.uleb128 0xb
 487 00cd 39       		.uleb128 0x39
 488 00ce 0B       		.uleb128 0xb
 489 00cf 6E       		.uleb128 0x6e
 490 00d0 0E       		.uleb128 0xe
 491 00d1 11       		.uleb128 0x11
 492 00d2 01       		.uleb128 0x1
 493 00d3 12       		.uleb128 0x12
 494 00d4 06       		.uleb128 0x6
 495 00d5 40       		.uleb128 0x40
 496 00d6 18       		.uleb128 0x18
 497 00d7 7A       		.uleb128 0x7a
 498 00d8 19       		.uleb128 0x19
 499 00d9 00       		.byte	0
 500 00da 00       		.byte	0
 501 00db 10       		.uleb128 0x10
 502 00dc 48       		.uleb128 0x48
 503 00dd 00       		.byte	0
 504 00de 7D       		.uleb128 0x7d
 505 00df 01       		.uleb128 0x1
 506 00e0 7F       		.uleb128 0x7f
 507 00e1 13       		.uleb128 0x13
 508 00e2 00       		.byte	0
 509 00e3 00       		.byte	0
 510 00e4 11       		.uleb128 0x11
 511 00e5 48       		.uleb128 0x48
 512 00e6 01       		.byte	0x1
 513 00e7 7D       		.uleb128 0x7d
 514 00e8 01       		.uleb128 0x1
 515 00e9 8201     		.uleb128 0x82
 516 00eb 19       		.uleb128 0x19
 517 00ec 7F       		.uleb128 0x7f
 518 00ed 13       		.uleb128 0x13
 519 00ee 00       		.byte	0
 520 00ef 00       		.byte	0
 521 00f0 00       		.byte	0
 522              		.section	.debug_aranges,"",@progbits
 523 0000 00000024 		.4byte	0x24
 524 0004 0002     		.2byte	0x2
 525 0006 00000000 		.4byte	.Ldebug_info0
 526 000a 04       		.byte	0x4
 527 000b 00       		.byte	0
 528 000c 0000     		.2byte	0
 529 000e 0000     		.2byte	0
 530 0010 00000000 		.4byte	.LFB61
 531 0014 0000002C 		.4byte	.LFE61-.LFB61
 532 0018 00000000 		.4byte	.LFB62
 533 001c 00000024 		.4byte	.LFE62-.LFB62
 534 0020 00000000 		.4byte	0
 535 0024 00000000 		.4byte	0
 536              		.section	.debug_rnglists,"",@progbits
 537              	.Ldebug_ranges0:
 538 0000 00000015 		.4byte	.Ldebug_ranges3-.Ldebug_ranges2
 539              	.Ldebug_ranges2:
 540 0004 0005     		.2byte	0x5
 541 0006 04       		.byte	0x4
 542 0007 00       		.byte	0
 543 0008 00000000 		.4byte	0
 544              	.LLRL0:
 545 000c 07       		.byte	0x7
 546 000d 00000000 		.4byte	.LFB61
 547 0011 2C       		.uleb128 .LFE61-.LFB61
 548 0012 07       		.byte	0x7
 549 0013 00000000 		.4byte	.LFB62
 550 0017 24       		.uleb128 .LFE62-.LFB62
 551 0018 00       		.byte	0
 552              	.Ldebug_ranges3:
 553              		.section	.debug_line,"",@progbits
 554              	.Ldebug_line0:
 555 0000 000001D6 		.section	.debug_str,"MS",@progbits,1
 555      00030000 
 555      016A0401 
 555      FB0E0D00 
 555      01010101 
 556              	.LASF23:
 557 0000 463A2F47 		.string	"F:/GameModding/MarioKartWii/Mods/Distro/RetroRewind6/dev/Launcher/RRLauncher/launcher/lib
 557      616D654D 
 557      6F646469 
 557      6E672F4D 
 557      6172696F 
 558              	.LASF4:
 559 006e 5F5F7569 		.string	"__uint8_t"
 559      6E74385F 
 559      7400
 560              	.LASF22:
 561 0078 474E5520 		.string	"GNU C++17 13.1.0 -mcall-sysv -mrvl -mcpu=750 -meabi -mhard-float -g -O2 -O3 -fdata-sectio
 561      432B2B31 
 561      37203133 
 561      2E312E30 
 561      202D6D63 
 562              	.LASF20:
 563 00e8 41534E44 		.string	"ASND_Pause"
 563      5F506175 
 563      736500
 564              	.LASF21:
 565 00f3 41554449 		.string	"AUDIO_Init"
 565      4F5F496E 
 565      697400
 566              	.LASF5:
 567 00fe 5F5F696E 		.string	"__int32_t"
 567      7433325F 
 567      7400
 568              	.LASF24:
 569 0108 463A5C47 		.string	"F:\\GameModding\\MarioKartWii\\Mods\\Distro\\RetroRewind6\\dev\\Launcher\\RRLauncher\\lau
 569      616D654D 
 569      6F646469 
 569      6E675C4D 
 569      6172696F 
 570              	.LASF14:
 571 0164 626F6F6C 		.string	"bool"
 571      00
 572              	.LASF25:
 573 0169 6465636C 		.string	"decltype(nullptr)"
 573      74797065 
 573      286E756C 
 573      6C707472 
 573      2900
 574              	.LASF11:
 575 017b 666C6F61 		.string	"float"
 575      7400
 576              	.LASF27:
 577 0181 5F5A3133 		.string	"_Z13ShutdownAudiov"
 577      53687574 
 577      646F776E 
 577      41756469 
 577      6F7600
 578              	.LASF8:
 579 0194 6C6F6E67 		.string	"long long unsigned int"
 579      206C6F6E 
 579      6720756E 
 579      7369676E 
 579      65642069 
 580              	.LASF29:
 581 01ab 5F5A3949 		.string	"_Z9InitAudiov"
 581      6E697441 
 581      7564696F 
 581      7600
 582              	.LASF1:
 583 01b9 756E7369 		.string	"unsigned char"
 583      676E6564 
 583      20636861 
 583      7200
 584              	.LASF15:
 585 01c7 6C6F6E67 		.string	"long unsigned int"
 585      20756E73 
 585      69676E65 
 585      6420696E 
 585      7400
 586              	.LASF3:
 587 01d9 73686F72 		.string	"short unsigned int"
 587      7420756E 
 587      7369676E 
 587      65642069 
 587      6E7400
 588              	.LASF12:
 589 01ec 646F7562 		.string	"double"
 589      6C6500
 590              	.LASF6:
 591 01f3 756E7369 		.string	"unsigned int"
 591      676E6564 
 591      20696E74 
 591      00
 592              	.LASF13:
 593 0200 63686172 		.string	"char"
 593      00
 594              	.LASF9:
 595 0205 75696E74 		.string	"uint8_t"
 595      385F7400 
 596              	.LASF10:
 597 020d 696E7433 		.string	"int32_t"
 597      325F7400 
 598              	.LASF7:
 599 0215 6C6F6E67 		.string	"long long int"
 599      206C6F6E 
 599      6720696E 
 599      7400
 600              	.LASF18:
 601 0223 41534E44 		.string	"ASND_End"
 601      5F456E64 
 601      00
 602              	.LASF26:
 603 022c 53687574 		.string	"ShutdownAudio"
 603      646F776E 
 603      41756469 
 603      6F00
 604              	.LASF2:
 605 023a 73686F72 		.string	"short int"
 605      7420696E 
 605      7400
 606              	.LASF19:
 607 0244 41534E44 		.string	"ASND_Init"
 607      5F496E69 
 607      7400
 608              	.LASF17:
 609 024e 6C6F6E67 		.string	"long int"
 609      20696E74 
 609      00
 610              	.LASF16:
 611 0257 6C6F6E67 		.string	"long double"
 611      20646F75 
 611      626C6500 
 612              	.LASF0:
 613 0263 7369676E 		.string	"signed char"
 613      65642063 
 613      68617200 
 614              	.LASF28:
 615 026f 496E6974 		.string	"InitAudio"
 615      41756469 
 615      6F00
 616              		.ident	"GCC: (devkitPPC release 45.2) 13.1.0"
